C51 COMPILER V9.01   TIME                                                                  12/15/2019 21:22:38 PAGE 1   


C51 COMPILER V9.01, COMPILATION OF MODULE TIME
OBJECT MODULE PLACED IN time.OBJ
COMPILER INVOKED BY: C:\Keil\C51\BIN\C51.EXE time.c BROWSE DEBUG OBJECTEXTEND

line level    source

   1          #include<reg51.h>
   2          
   3          #include"LCD_str_4bit.h"
   4          #include"keypad4x4.h"
   5          void main()
   6          {
   7   1      unsigned char temp;
   8   1      LCD_ini();
   9   1      
  10   1      while(1)
  11   1      {
  12   2      
  13   2      while((temp=key())!=0)  
  14   2      {
  15   3      LCD_CMD(0X80);
  16   3      LCD_DATA(temp);
  17   3      LCD_CMD(0xc0);
  18   3      if(temp=='+')
  19   3      {
  20   4      LCD_str("ADD");
  21   4      }
  22   3      }
  23   2      }
  24   1      }
  25          
  26          
  27          
  28          
  29          
  30          


MODULE INFORMATION:   STATIC OVERLAYABLE
   CODE SIZE        =    544    ----
   CONSTANT SIZE    =      4    ----
   XDATA SIZE       =   ----    ----
   PDATA SIZE       =   ----    ----
   DATA SIZE        =     18       6
   IDATA SIZE       =   ----    ----
   BIT SIZE         =   ----    ----
END OF MODULE INFORMATION.


C51 COMPILATION COMPLETE.  0 WARNING(S),  0 ERROR(S)
